TN:
SF:src\app.ts
FN:37,(anonymous_1)
FN:51,(anonymous_2)
FNF:2
FNH:0
FNDA:0,(anonymous_1)
FNDA:0,(anonymous_2)
DA:1,0
DA:2,0
DA:3,0
DA:4,0
DA:7,0
DA:8,0
DA:9,0
DA:10,0
DA:11,0
DA:12,0
DA:15,0
DA:18,0
DA:21,0
DA:24,0
DA:27,0
DA:33,0
DA:34,0
DA:37,0
DA:38,0
DA:39,0
DA:43,0
DA:44,0
DA:45,0
DA:46,0
DA:47,0
DA:48,0
DA:51,0
DA:52,0
DA:61,0
DA:64,0
DA:66,0
LF:31
LH:0
BRDA:28,0,0,0
BRDA:28,0,1,0
BRF:2
BRH:0
end_of_record
TN:
SF:src\healthcheck.ts
FN:13,(anonymous_1)
FN:22,(anonymous_2)
FN:27,(anonymous_3)
FNF:3
FNH:0
FNDA:0,(anonymous_1)
FNDA:0,(anonymous_2)
FNDA:0,(anonymous_3)
DA:3,0
DA:5,0
DA:13,0
DA:14,0
DA:15,0
DA:16,0
DA:18,0
DA:22,0
DA:23,0
DA:24,0
DA:27,0
DA:28,0
DA:29,0
DA:30,0
DA:33,0
LF:15
LH:0
BRDA:7,0,0,0
BRDA:7,0,1,0
BRDA:15,1,0,0
BRDA:15,1,1,0
BRF:4
BRH:0
end_of_record
TN:
SF:src\config\index.ts
FNF:0
FNH:0
DA:1,1
DA:5,1
DA:16,1
DA:25,1
LF:4
LH:4
BRDA:17,0,0,1
BRDA:17,0,1,0
BRDA:18,1,0,1
BRDA:18,1,1,0
BRDA:19,2,0,1
BRDA:19,2,1,0
BRDA:20,3,0,1
BRDA:20,3,1,0
BRDA:21,4,0,1
BRDA:21,4,1,0
BRDA:22,5,0,1
BRDA:22,5,1,0
BRF:12
BRH:6
end_of_record
TN:
SF:src\controllers\auth.controller.ts
FN:11,(anonymous_7)
FN:11,(anonymous_8)
FN:60,(anonymous_9)
FN:60,(anonymous_10)
FN:101,(anonymous_11)
FN:101,(anonymous_12)
FN:127,(anonymous_13)
FN:127,(anonymous_14)
FN:148,(anonymous_15)
FN:148,(anonymous_16)
FNF:10
FNH:4
FNDA:1,(anonymous_7)
FNDA:1,(anonymous_8)
FNDA:23,(anonymous_9)
FNDA:23,(anonymous_10)
FNDA:0,(anonymous_11)
FNDA:0,(anonymous_12)
FNDA:0,(anonymous_13)
FNDA:0,(anonymous_14)
FNDA:0,(anonymous_15)
FNDA:0,(anonymous_16)
DA:2,1
DA:3,1
DA:4,1
DA:6,1
DA:11,1
DA:12,1
DA:13,1
DA:15,1
DA:16,1
DA:28,0
DA:37,0
DA:44,1
DA:53,1
DA:60,23
DA:61,23
DA:62,23
DA:63,23
DA:65,23
DA:66,23
DA:69,22
DA:78,22
DA:85,1
DA:94,1
DA:101,1
DA:102,0
DA:104,0
DA:127,1
DA:128,0
DA:131,0
DA:139,0
DA:148,1
DA:149,0
DA:150,0
DA:151,0
DA:153,0
DA:154,0
DA:157,0
DA:158,0
DA:161,0
DA:169,0
DA:176,0
DA:185,0
LF:42
LH:24
BRDA:13,0,0,1
BRDA:13,0,1,0
BRDA:13,0,2,0
BRDA:50,1,0,1
BRDA:50,1,1,0
BRDA:62,2,0,23
BRDA:62,2,1,0
BRDA:62,2,2,0
BRDA:91,3,0,1
BRDA:91,3,1,0
BRDA:128,4,0,0
BRDA:128,4,1,0
BRDA:128,4,2,0
BRDA:150,5,0,0
BRDA:150,5,1,0
BRDA:151,6,0,0
BRDA:151,6,1,0
BRDA:151,6,2,0
BRDA:153,7,0,0
BRDA:178,8,0,0
BRDA:178,8,1,0
BRDA:178,9,0,0
BRDA:178,9,1,0
BRDA:182,10,0,0
BRDA:182,10,1,0
BRF:25
BRH:4
end_of_record
TN:
SF:src\controllers\client.controller.ts
FN:11,(anonymous_7)
FN:11,(anonymous_8)
FN:53,(anonymous_9)
FN:53,(anonymous_10)
FN:75,(anonymous_11)
FN:75,(anonymous_12)
FN:98,(anonymous_13)
FN:98,(anonymous_14)
FN:108,(anonymous_15)
FN:150,(anonymous_16)
FN:150,(anonymous_17)
FN:189,(anonymous_18)
FN:189,(anonymous_19)
FN:205,(anonymous_20)
FN:205,(anonymous_21)
FN:217,(anonymous_22)
FN:217,(anonymous_23)
FN:231,(anonymous_24)
FN:231,(anonymous_25)
FNF:19
FNH:2
FNDA:0,(anonymous_7)
FNDA:0,(anonymous_8)
FNDA:2,(anonymous_9)
FNDA:2,(anonymous_10)
FNDA:0,(anonymous_11)
FNDA:0,(anonymous_12)
FNDA:0,(anonymous_13)
FNDA:0,(anonymous_14)
FNDA:0,(anonymous_15)
FNDA:0,(anonymous_16)
FNDA:0,(anonymous_17)
FNDA:0,(anonymous_18)
FNDA:0,(anonymous_19)
FNDA:0,(anonymous_20)
FNDA:0,(anonymous_21)
FNDA:0,(anonymous_22)
FNDA:0,(anonymous_23)
FNDA:0,(anonymous_24)
FNDA:0,(anonymous_25)
DA:2,1
DA:3,1
DA:5,1
DA:11,1
DA:12,0
DA:16,0
DA:18,0
DA:19,0
DA:22,0
DA:31,0
DA:38,0
DA:46,0
DA:53,2
DA:54,2
DA:62,2
DA:64,2
DA:75,1
DA:76,0
DA:77,0
DA:80,0
DA:89,0
DA:98,1
DA:99,0
DA:101,0
DA:103,0
DA:104,0
DA:107,0
DA:108,0
DA:109,0
DA:110,0
DA:118,0
DA:128,0
DA:135,0
DA:143,0
DA:150,1
DA:151,0
DA:153,0
DA:155,0
DA:156,0
DA:159,0
DA:168,0
DA:174,0
DA:182,0
DA:189,1
DA:190,0
DA:191,0
DA:193,0
DA:195,0
DA:205,1
DA:206,0
DA:208,0
DA:217,1
DA:218,0
DA:219,0
DA:221,0
DA:231,1
DA:232,0
DA:234,0
DA:235,0
DA:238,0
DA:249,0
DA:256,0
DA:263,0
LF:63
LH:15
BRDA:16,0,0,0
BRDA:16,0,1,0
BRDA:16,0,2,0
BRDA:58,1,0,2
BRDA:58,1,1,1
BRDA:59,2,0,2
BRDA:59,2,1,1
BRDA:77,3,0,0
BRDA:77,3,1,0
BRDA:77,3,2,0
BRDA:99,4,0,0
BRDA:99,4,1,0
BRDA:99,4,2,0
BRDA:109,5,0,0
BRDA:151,6,0,0
BRDA:151,6,1,0
BRDA:151,6,2,0
BRDA:191,7,0,0
BRDA:191,7,1,0
BRDA:218,8,0,0
BRDA:218,8,1,0
BRDA:232,9,0,0
BRDA:232,9,1,0
BRDA:232,9,2,0
BRF:24
BRH:4
end_of_record
TN:
SF:src\controllers\profile.controller.ts
FN:10,(anonymous_8)
FN:10,(anonymous_9)
FN:42,(anonymous_10)
FN:42,(anonymous_11)
FN:125,(anonymous_12)
FN:145,(anonymous_13)
FN:145,(anonymous_14)
FNF:7
FNH:0
FNDA:0,(anonymous_8)
FNDA:0,(anonymous_9)
FNDA:0,(anonymous_10)
FNDA:0,(anonymous_11)
FNDA:0,(anonymous_12)
FNDA:0,(anonymous_13)
FNDA:0,(anonymous_14)
DA:2,1
DA:4,1
DA:5,1
DA:10,1
DA:11,0
DA:12,0
DA:13,0
DA:17,0
DA:20,0
DA:22,0
DA:23,0
DA:27,0
DA:30,0
DA:35,0
DA:42,1
DA:43,0
DA:44,0
DA:45,0
DA:49,0
DA:55,0
DA:57,0
DA:73,0
DA:74,0
DA:77,0
DA:78,0
DA:79,0
DA:81,0
DA:85,0
DA:86,0
DA:89,0
DA:93,0
DA:96,0
DA:97,0
DA:99,0
DA:100,0
DA:101,0
DA:102,0
DA:103,0
DA:108,0
DA:114,0
DA:115,0
DA:119,0
DA:123,0
DA:124,0
DA:125,0
DA:127,0
DA:128,0
DA:129,0
DA:133,0
DA:138,0
DA:145,1
DA:146,0
DA:147,0
DA:149,0
DA:150,0
DA:154,0
DA:158,0
DA:160,0
DA:161,0
DA:165,0
DA:169,0
DA:170,0
DA:171,0
DA:175,0
DA:179,0
DA:180,0
DA:182,0
DA:187,0
LF:68
LH:6
BRDA:12,0,0,0
BRDA:12,1,0,0
BRDA:12,1,1,0
BRDA:12,2,0,0
BRDA:12,2,1,0
BRDA:22,3,0,0
BRDA:44,4,0,0
BRDA:44,5,0,0
BRDA:44,5,1,0
BRDA:44,6,0,0
BRDA:44,6,1,0
BRDA:68,7,0,0
BRDA:68,7,1,0
BRDA:73,8,0,0
BRDA:73,9,0,0
BRDA:73,9,1,0
BRDA:73,10,0,0
BRDA:73,10,1,0
BRDA:73,11,0,0
BRDA:73,11,1,0
BRDA:77,12,0,0
BRDA:85,13,0,0
BRDA:86,14,0,0
BRDA:86,14,1,0
BRDA:93,15,0,0
BRDA:96,16,0,0
BRDA:96,16,1,0
BRDA:100,17,0,0
BRDA:100,18,0,0
BRDA:100,18,1,0
BRDA:100,19,0,0
BRDA:100,19,1,0
BRDA:102,20,0,0
BRDA:114,21,0,0
BRDA:123,22,0,0
BRDA:127,23,0,0
BRDA:149,24,0,0
BRDA:149,25,0,0
BRDA:149,25,1,0
BRDA:149,26,0,0
BRDA:149,26,1,0
BRDA:160,27,0,0
BRDA:170,28,0,0
BRF:43
BRH:0
end_of_record
TN:
SF:src\controllers\provider.controller.ts
FN:13,(anonymous_8)
FN:13,(anonymous_9)
FN:19,(anonymous_10)
FN:60,(anonymous_11)
FN:60,(anonymous_12)
FN:105,(anonymous_13)
FN:105,(anonymous_14)
FN:140,(anonymous_15)
FN:140,(anonymous_16)
FN:196,(anonymous_17)
FN:196,(anonymous_18)
FN:254,(anonymous_19)
FN:254,(anonymous_20)
FNF:13
FNH:0
FNDA:0,(anonymous_8)
FNDA:0,(anonymous_9)
FNDA:0,(anonymous_10)
FNDA:0,(anonymous_11)
FNDA:0,(anonymous_12)
FNDA:0,(anonymous_13)
FNDA:0,(anonymous_14)
FNDA:0,(anonymous_15)
FNDA:0,(anonymous_16)
FNDA:0,(anonymous_17)
FNDA:0,(anonymous_18)
FNDA:0,(anonymous_19)
FNDA:0,(anonymous_20)
DA:4,0
DA:6,0
DA:7,0
DA:9,0
DA:13,0
DA:14,0
DA:16,0
DA:18,0
DA:19,0
DA:21,0
DA:24,0
DA:32,0
DA:36,0
DA:40,0
DA:45,0
DA:50,0
DA:51,0
DA:60,0
DA:61,0
DA:62,0
DA:64,0
DA:65,0
DA:69,0
DA:72,0
DA:81,0
DA:90,0
DA:95,0
DA:96,0
DA:105,0
DA:106,0
DA:107,0
DA:109,0
DA:117,0
DA:118,0
DA:122,0
DA:125,0
DA:130,0
DA:131,0
DA:140,0
DA:141,0
DA:142,0
DA:145,0
DA:146,0
DA:147,0
DA:151,0
DA:155,0
DA:156,0
DA:159,0
DA:174,0
DA:177,0
DA:178,0
DA:180,0
DA:186,0
DA:187,0
DA:196,0
DA:197,0
DA:198,0
DA:199,0
DA:202,0
DA:203,0
DA:204,0
DA:208,0
DA:212,0
DA:213,0
DA:214,0
DA:215,0
DA:219,0
DA:224,0
DA:239,0
DA:244,0
DA:245,0
DA:254,0
DA:255,0
DA:256,0
DA:257,0
DA:261,0
DA:264,0
DA:297,0
DA:303,0
DA:304,0
DA:308,0
DA:311,0
DA:317,0
LF:83
LH:0
BRDA:16,0,0,0
BRDA:16,1,0,0
BRDA:16,1,1,0
BRDA:16,2,0,0
BRDA:16,2,1,0
BRDA:64,3,0,0
BRDA:64,4,0,0
BRDA:64,4,1,0
BRDA:99,5,0,0
BRDA:99,5,1,0
BRDA:117,6,0,0
BRDA:134,7,0,0
BRDA:134,7,1,0
BRDA:146,8,0,0
BRDA:166,9,0,0
BRDA:166,9,1,0
BRDA:167,10,0,0
BRDA:167,10,1,0
BRDA:190,11,0,0
BRDA:190,11,1,0
BRDA:203,12,0,0
BRDA:212,13,0,0
BRDA:212,14,0,0
BRDA:212,14,1,0
BRDA:214,15,0,0
BRDA:248,16,0,0
BRDA:248,16,1,0
BRDA:256,17,0,0
BRDA:303,18,0,0
BRDA:320,19,0,0
BRDA:320,19,1,0
BRF:31
BRH:0
end_of_record
TN:
SF:src\db\index.ts
FN:6,(anonymous_8)
FN:6,(anonymous_9)
FNF:2
FNH:0
FNDA:0,(anonymous_8)
FNDA:0,(anonymous_9)
DA:1,0
DA:2,0
DA:4,0
DA:6,0
DA:7,0
DA:9,0
DA:12,0
DA:13,0
DA:14,0
DA:17,0
DA:18,0
DA:19,0
DA:22,0
DA:23,0
DA:26,0
DA:27,0
DA:31,0
LF:17
LH:0
BRDA:12,0,0,0
BRDA:12,1,0,0
BRDA:12,1,1,0
BRDA:12,1,2,0
BRF:4
BRH:0
end_of_record
TN:
SF:src\middleware\auth.middleware.ts
FN:9,(anonymous_7)
FN:9,(anonymous_8)
FN:36,(anonymous_9)
FN:37,(anonymous_10)
FN:52,(anonymous_11)
FN:52,(anonymous_12)
FNF:6
FNH:4
FNDA:6,(anonymous_7)
FNDA:6,(anonymous_8)
FNDA:1,(anonymous_9)
FNDA:1,(anonymous_10)
FNDA:0,(anonymous_11)
FNDA:0,(anonymous_12)
DA:3,1
DA:5,1
DA:9,6
DA:13,6
DA:14,5
DA:18,6
DA:19,1
DA:23,5
DA:26,5
DA:32,5
DA:36,1
DA:37,1
DA:38,1
DA:39,0
DA:43,1
DA:44,1
DA:47,0
DA:52,1
DA:55,0
DA:56,0
DA:59,0
DA:60,0
DA:61,0
DA:62,0
DA:73,0
LF:25
LH:16
BRDA:13,0,0,5
BRDA:13,1,0,6
BRDA:13,1,1,5
BRDA:18,2,0,1
BRDA:38,3,0,0
BRDA:43,4,0,1
BRDA:55,5,0,0
BRDA:55,6,0,0
BRDA:55,6,1,0
BRDA:59,7,0,0
BRF:10
BRH:5
end_of_record
TN:
SF:src\middleware\errorHandler.ts
FN:18,(anonymous_0)
FN:29,(anonymous_1)
FN:35,(anonymous_2)
FN:42,(anonymous_3)
FN:43,(anonymous_4)
FN:49,(anonymous_5)
FN:52,(anonymous_6)
FN:56,(anonymous_7)
FN:66,(anonymous_8)
FN:85,(anonymous_9)
FN:129,(anonymous_10)
FN:130,(anonymous_11)
FN:136,(anonymous_12)
FN:142,(anonymous_13)
FNF:14
FNH:6
FNDA:8,(anonymous_0)
FNDA:0,(anonymous_1)
FNDA:0,(anonymous_2)
FNDA:0,(anonymous_3)
FNDA:0,(anonymous_4)
FNDA:0,(anonymous_5)
FNDA:0,(anonymous_6)
FNDA:0,(anonymous_7)
FNDA:9,(anonymous_8)
FNDA:9,(anonymous_9)
FNDA:20,(anonymous_10)
FNDA:32,(anonymous_11)
FNDA:0,(anonymous_12)
FNDA:4,(anonymous_13)
DA:2,1
DA:13,1
DA:19,8
DA:20,8
DA:21,8
DA:22,8
DA:24,8
DA:29,1
DA:30,0
DA:31,0
DA:35,1
DA:36,0
DA:37,0
DA:38,0
DA:42,1
DA:43,0
DA:44,0
DA:45,0
DA:49,1
DA:50,0
DA:52,1
DA:53,0
DA:56,1
DA:57,0
DA:66,1
DA:68,9
DA:69,8
DA:75,1
DA:77,1
DA:85,1
DA:91,9
DA:92,9
DA:94,9
DA:95,9
DA:98,9
DA:99,9
DA:101,9
DA:111,9
DA:112,0
DA:114,9
DA:115,9
DA:118,9
DA:119,9
DA:120,9
DA:121,9
DA:122,9
DA:124,9
DA:129,1
DA:130,20
DA:131,32
DA:136,1
DA:137,0
DA:138,0
DA:142,1
DA:143,4
DA:144,4
LF:56
LH:42
BRDA:21,0,0,8
BRDA:21,0,1,0
BRDA:36,1,0,0
BRDA:36,1,1,0
BRDA:36,2,0,0
BRDA:36,2,1,0
BRDA:36,3,0,0
BRDA:36,3,1,0
BRDA:36,4,0,0
BRDA:36,4,1,0
BRDA:36,5,0,0
BRDA:36,5,1,0
BRDA:57,6,0,0
BRDA:57,6,1,0
BRDA:68,7,0,8
BRDA:68,7,1,1
BRDA:69,8,0,8
BRDA:69,8,1,0
BRDA:91,9,0,9
BRDA:91,9,1,9
BRDA:94,10,0,9
BRDA:94,10,1,0
BRDA:95,11,0,9
BRDA:95,11,1,0
BRDA:98,12,0,8
BRDA:98,12,1,1
BRDA:98,13,0,9
BRDA:98,13,1,9
BRDA:99,14,0,9
BRDA:99,14,1,0
BRDA:99,14,2,0
BRDA:111,15,0,0
BRDA:111,15,1,9
BRDA:118,16,0,0
BRDA:119,17,0,0
BRDA:120,18,0,0
BRDA:121,19,0,0
BRDA:122,20,0,0
BRF:38
BRH:14
end_of_record
TN:
SF:src\middleware\upload.middleware.ts
FN:22,(anonymous_8)
FN:92,(anonymous_9)
FN:101,(anonymous_10)
FN:107,(anonymous_11)
FN:114,(anonymous_12)
FN:136,(anonymous_13)
FN:150,(anonymous_14)
FN:152,(anonymous_15)
FN:156,(anonymous_16)
FN:180,(anonymous_17)
FN:183,(anonymous_18)
FN:237,(anonymous_19)
FN:238,(anonymous_20)
FN:238,(anonymous_21)
FN:290,(anonymous_22)
FN:320,(anonymous_23)
FN:321,(anonymous_24)
FN:321,(anonymous_25)
FN:325,(anonymous_26)
FN:330,(anonymous_27)
FNF:20
FNH:5
FNDA:1,(anonymous_8)
FNDA:0,(anonymous_9)
FNDA:0,(anonymous_10)
FNDA:0,(anonymous_11)
FNDA:0,(anonymous_12)
FNDA:0,(anonymous_13)
FNDA:4,(anonymous_14)
FNDA:0,(anonymous_15)
FNDA:0,(anonymous_16)
FNDA:4,(anonymous_17)
FNDA:0,(anonymous_18)
FNDA:4,(anonymous_19)
FNDA:0,(anonymous_20)
FNDA:0,(anonymous_21)
FNDA:4,(anonymous_22)
FNDA:0,(anonymous_23)
FNDA:0,(anonymous_24)
FNDA:0,(anonymous_25)
FNDA:0,(anonymous_26)
FNDA:0,(anonymous_27)
DA:2,1
DA:3,1
DA:4,1
DA:5,1
DA:6,1
DA:7,1
DA:22,1
DA:23,1
DA:24,1
DA:25,1
DA:35,1
DA:75,1
DA:92,1
DA:93,0
DA:94,0
DA:95,0
DA:97,0
DA:101,1
DA:102,0
DA:103,0
DA:104,0
DA:107,0
DA:108,0
DA:114,1
DA:116,0
DA:117,0
DA:118,0
DA:122,0
DA:123,0
DA:124,0
DA:128,0
DA:129,0
DA:132,0
DA:136,1
DA:137,0
DA:138,0
DA:142,0
DA:143,0
DA:144,0
DA:146,0
DA:150,1
DA:151,4
DA:153,0
DA:154,0
DA:157,0
DA:158,0
DA:159,0
DA:162,0
DA:171,0
DA:173,0
DA:180,1
DA:181,4
DA:183,4
DA:184,0
DA:186,0
DA:187,0
DA:191,0
DA:192,0
DA:193,0
DA:200,0
DA:201,0
DA:208,0
DA:209,0
DA:218,0
DA:220,0
DA:221,0
DA:231,0
DA:237,1
DA:238,4
DA:239,0
DA:240,0
DA:243,0
DA:244,0
DA:245,0
DA:248,0
DA:250,0
DA:252,0
DA:253,0
DA:265,0
DA:269,0
DA:270,0
DA:271,0
DA:272,0
DA:279,0
DA:280,0
DA:282,0
DA:284,0
DA:290,1
DA:295,4
DA:297,4
DA:306,4
DA:314,1
DA:315,1
DA:316,1
DA:317,1
DA:320,1
DA:321,0
DA:322,0
DA:323,0
DA:325,0
DA:326,0
DA:327,0
DA:328,0
DA:330,0
DA:331,0
DA:332,0
DA:334,0
DA:335,0
DA:336,0
DA:347,0
DA:349,0
DA:350,0
DA:356,1
LF:113
LH:33
BRDA:22,0,0,1
BRDA:22,0,1,1
BRDA:94,1,0,0
BRDA:103,2,0,0
BRDA:108,3,0,0
BRDA:108,3,1,0
BRDA:117,4,0,0
BRDA:123,5,0,0
BRDA:128,6,0,0
BRDA:158,7,0,0
BRDA:158,7,1,0
BRDA:158,8,0,0
BRDA:158,8,1,0
BRDA:158,9,0,0
BRDA:158,9,1,0
BRDA:168,10,0,0
BRDA:168,10,1,0
BRDA:168,10,2,0
BRDA:186,11,0,0
BRDA:192,12,0,0
BRDA:200,13,0,0
BRDA:208,14,0,0
BRDA:208,14,1,0
BRDA:208,15,0,0
BRDA:208,15,1,0
BRDA:208,16,0,0
BRDA:208,16,1,0
BRDA:215,17,0,0
BRDA:215,17,1,0
BRDA:215,17,2,0
BRDA:220,18,0,0
BRDA:220,18,1,0
BRDA:220,19,0,0
BRDA:220,19,1,0
BRDA:220,20,0,0
BRDA:220,20,1,0
BRDA:227,21,0,0
BRDA:227,21,1,0
BRDA:228,22,0,0
BRDA:228,22,1,0
BRDA:228,22,2,0
BRDA:239,23,0,0
BRDA:248,24,0,0
BRDA:252,25,0,0
BRDA:252,25,1,0
BRDA:252,26,0,0
BRDA:252,26,1,0
BRDA:252,27,0,0
BRDA:252,27,1,0
BRDA:261,28,0,0
BRDA:261,28,1,0
BRDA:261,28,2,0
BRDA:270,29,0,0
BRDA:292,30,0,0
BRDA:293,31,0,3
BRDA:301,32,0,1
BRDA:301,32,1,3
BRDA:307,33,0,1
BRDA:307,33,1,3
BRDA:320,34,0,0
BRDA:327,35,0,0
BRDA:334,36,0,0
BRF:62
BRH:7
end_of_record
TN:
SF:src\models\Client.ts
FNF:0
FNH:0
DA:1,2
DA:20,2
DA:65,2
DA:67,2
LF:4
LH:4
BRF:0
BRH:0
end_of_record
TN:
SF:src\models\Showroom.ts
FNF:0
FNH:0
DA:2,2
DA:21,2
DA:41,2
LF:3
LH:3
BRF:0
BRH:0
end_of_record
TN:
SF:src\models\User.ts
FN:4,(anonymous_8)
FN:11,(anonymous_9)
FN:90,(anonymous_10)
FN:130,(anonymous_11)
FN:149,(anonymous_13)
FNF:5
FNH:5
FNDA:2,(anonymous_8)
FNDA:2,(anonymous_9)
FNDA:30,(anonymous_10)
FNDA:28,(anonymous_11)
FNDA:23,(anonymous_13)
DA:1,2
DA:2,2
DA:4,2
DA:5,2
DA:6,2
DA:7,2
DA:11,2
DA:12,2
DA:14,2
DA:15,2
DA:45,2
DA:91,30
DA:130,2
DA:132,28
DA:133,0
DA:136,28
DA:138,28
DA:141,28
DA:142,28
DA:144,0
DA:149,2
DA:150,23
DA:153,2
DA:155,2
LF:24
LH:22
BRDA:4,0,0,2
BRDA:4,0,1,2
BRDA:11,1,0,2
BRDA:11,1,1,2
BRDA:132,2,0,0
BRF:5
BRH:4
end_of_record
TN:
SF:src\models\init.ts
FN:16,(anonymous_1)
FN:25,(anonymous_2)
FNF:2
FNH:0
FNDA:0,(anonymous_1)
FNDA:0,(anonymous_2)
DA:8,0
DA:9,0
DA:10,0
DA:13,0
DA:16,0
DA:17,0
DA:18,0
DA:19,0
DA:22,0
DA:25,0
DA:27,0
DA:28,0
DA:29,0
DA:32,0
DA:33,0
DA:34,0
DA:38,0
DA:40,0
LF:18
LH:0
BRDA:27,0,0,0
BRF:1
BRH:0
end_of_record
TN:
SF:src\routes\admin.routes.ts
FN:20,(anonymous_8)
FN:20,(anonymous_9)
FN:45,(anonymous_10)
FN:56,(anonymous_11)
FN:58,(anonymous_12)
FN:64,(anonymous_13)
FN:74,(anonymous_14)
FN:79,(anonymous_15)
FN:83,(anonymous_16)
FN:87,(anonymous_17)
FN:91,(anonymous_18)
FN:97,(anonymous_19)
FN:121,(anonymous_20)
FN:121,(anonymous_21)
FN:148,(anonymous_22)
FN:150,(anonymous_23)
FN:156,(anonymous_24)
FN:162,(anonymous_25)
FN:167,(anonymous_26)
FN:170,(anonymous_27)
FN:173,(anonymous_28)
FN:176,(anonymous_29)
FN:180,(anonymous_30)
FN:181,(anonymous_31)
FN:188,(anonymous_32)
FN:189,(anonymous_33)
FN:210,(anonymous_34)
FN:210,(anonymous_35)
FN:225,(anonymous_36)
FN:235,(anonymous_37)
FN:237,(anonymous_38)
FN:243,(anonymous_39)
FN:246,(anonymous_40)
FN:260,(anonymous_41)
FN:279,(anonymous_42)
FN:279,(anonymous_43)
FN:294,(anonymous_44)
FN:301,(anonymous_45)
FNF:38
FNH:0
FNDA:0,(anonymous_8)
FNDA:0,(anonymous_9)
FNDA:0,(anonymous_10)
FNDA:0,(anonymous_11)
FNDA:0,(anonymous_12)
FNDA:0,(anonymous_13)
FNDA:0,(anonymous_14)
FNDA:0,(anonymous_15)
FNDA:0,(anonymous_16)
FNDA:0,(anonymous_17)
FNDA:0,(anonymous_18)
FNDA:0,(anonymous_19)
FNDA:0,(anonymous_20)
FNDA:0,(anonymous_21)
FNDA:0,(anonymous_22)
FNDA:0,(anonymous_23)
FNDA:0,(anonymous_24)
FNDA:0,(anonymous_25)
FNDA:0,(anonymous_26)
FNDA:0,(anonymous_27)
FNDA:0,(anonymous_28)
FNDA:0,(anonymous_29)
FNDA:0,(anonymous_30)
FNDA:0,(anonymous_31)
FNDA:0,(anonymous_32)
FNDA:0,(anonymous_33)
FNDA:0,(anonymous_34)
FNDA:0,(anonymous_35)
FNDA:0,(anonymous_36)
FNDA:0,(anonymous_37)
FNDA:0,(anonymous_38)
FNDA:0,(anonymous_39)
FNDA:0,(anonymous_40)
FNDA:0,(anonymous_41)
FNDA:0,(anonymous_42)
FNDA:0,(anonymous_43)
FNDA:0,(anonymous_44)
FNDA:0,(anonymous_45)
DA:1,1
DA:2,1
DA:3,1
DA:4,1
DA:6,1
DA:7,1
DA:8,1
DA:11,1
DA:14,1
DA:15,1
DA:20,1
DA:29,0
DA:31,0
DA:32,0
DA:34,0
DA:35,0
DA:40,0
DA:44,0
DA:45,0
DA:49,0
DA:52,0
DA:53,0
DA:54,0
DA:55,0
DA:56,0
DA:58,0
DA:59,0
DA:60,0
DA:62,0
DA:64,0
DA:66,0
DA:70,0
DA:72,0
DA:73,0
DA:74,0
DA:77,0
DA:78,0
DA:79,0
DA:82,0
DA:83,0
DA:86,0
DA:87,0
DA:90,0
DA:91,0
DA:95,0
DA:96,0
DA:97,0
DA:100,0
DA:111,0
DA:121,1
DA:122,0
DA:123,0
DA:125,0
DA:126,0
DA:138,0
DA:142,0
DA:143,0
DA:145,0
DA:146,0
DA:147,0
DA:148,0
DA:150,0
DA:151,0
DA:152,0
DA:154,0
DA:156,0
DA:160,0
DA:163,0
DA:168,0
DA:171,0
DA:174,0
DA:177,0
DA:181,0
DA:182,0
DA:183,0
DA:185,0
DA:188,0
DA:189,0
DA:195,0
DA:200,0
DA:210,1
DA:211,0
DA:213,0
DA:214,0
DA:216,0
DA:217,0
DA:221,0
DA:224,0
DA:225,0
DA:230,0
DA:232,0
DA:233,0
DA:234,0
DA:235,0
DA:237,0
DA:238,0
DA:239,0
DA:241,0
DA:243,0
DA:246,0
DA:247,0
DA:255,0
DA:259,0
DA:260,0
DA:263,0
DA:269,0
DA:279,1
DA:280,0
DA:282,0
DA:283,0
DA:285,0
DA:286,0
DA:290,0
DA:293,0
DA:294,0
DA:296,0
DA:297,0
DA:299,0
DA:301,0
DA:302,0
DA:303,0
DA:305,0
DA:306,0
DA:307,0
DA:312,0
DA:325,0
DA:331,0
DA:339,1
DA:340,1
DA:341,1
DA:342,1
DA:344,1
LF:132
LH:19
BRDA:27,0,0,0
BRDA:28,1,0,0
BRDA:34,2,0,0
BRDA:45,3,0,0
BRDA:45,3,1,0
BRDA:72,4,0,0
BRDA:77,5,0,0
BRDA:82,6,0,0
BRDA:86,7,0,0
BRDA:90,8,0,0
BRDA:125,9,0,0
BRDA:146,10,0,0
BRDA:163,11,0,0
BRDA:163,11,1,0
BRDA:163,11,2,0
BRDA:177,12,0,0
BRDA:177,12,1,0
BRDA:211,13,0,0
BRDA:216,14,0,0
BRDA:225,15,0,0
BRDA:225,15,1,0
BRDA:247,16,0,0
BRDA:247,16,1,0
BRDA:247,16,2,0
BRDA:247,16,3,0
BRDA:247,16,4,0
BRDA:247,16,5,0
BRDA:280,17,0,0
BRDA:285,18,0,0
BRDA:294,19,0,0
BRDA:294,19,1,0
BRDA:305,20,0,0
BRDA:316,21,0,0
BRDA:316,21,1,0
BRF:34
BRH:0
end_of_record
TN:
SF:src\routes\auth.routes.ts
FNF:0
FNH:0
DA:1,1
DA:2,1
DA:3,1
DA:4,1
DA:6,1
DA:9,1
DA:10,1
DA:11,1
DA:12,1
DA:14,1
LF:10
LH:10
BRF:0
BRH:0
end_of_record
TN:
SF:src\routes\client.routes.ts
FNF:0
FNH:0
DA:1,1
DA:2,1
DA:13,1
DA:14,1
DA:16,1
DA:19,1
DA:22,1
DA:23,1
DA:24,1
DA:25,1
DA:28,1
DA:32,1
DA:37,1
LF:13
LH:13
BRF:0
BRH:0
end_of_record
TN:
SF:src\routes\profile.routes.ts
FN:14,(anonymous_1)
FNF:1
FNH:0
FNDA:0,(anonymous_1)
DA:1,1
DA:2,1
DA:3,1
DA:4,1
DA:5,1
DA:6,1
DA:8,1
DA:11,1
DA:12,1
DA:13,1
DA:14,1
DA:15,0
DA:16,0
DA:19,1
LF:14
LH:12
BRF:0
BRH:0
end_of_record
TN:
SF:src\routes\provider.routes.ts
FNF:0
FNH:0
DA:2,0
DA:3,0
DA:11,0
DA:12,0
DA:13,0
DA:15,0
DA:18,0
DA:19,0
DA:20,0
DA:21,0
DA:22,0
DA:23,0
DA:25,0
LF:13
LH:0
BRF:0
BRH:0
end_of_record
TN:
SF:src\routes\test.routes.ts
FN:10,(anonymous_8)
FN:18,(anonymous_9)
FN:27,(anonymous_10)
FN:27,(anonymous_11)
FNF:4
FNH:0
FNDA:0,(anonymous_8)
FNDA:0,(anonymous_9)
FNDA:0,(anonymous_10)
FNDA:0,(anonymous_11)
DA:1,0
DA:2,0
DA:3,0
DA:4,0
DA:7,0
DA:10,0
DA:11,0
DA:18,0
DA:19,0
DA:27,0
DA:31,0
DA:32,0
DA:35,0
DA:36,0
DA:40,0
DA:43,0
DA:45,0
DA:48,0
DA:49,0
DA:50,0
DA:58,0
DA:67,0
DA:75,0
LF:23
LH:0
BRDA:31,0,0,0
BRDA:31,1,0,0
BRDA:31,1,1,0
BRDA:35,2,0,0
BRDA:62,3,0,0
BRDA:62,3,1,0
BRDA:70,4,0,0
BRDA:70,4,1,0
BRF:8
BRH:0
end_of_record
TN:
SF:src\services\AuthService.ts
FN:30,(anonymous_8)
FN:39,(anonymous_9)
FN:55,(anonymous_10)
FN:78,(anonymous_12)
FN:116,(anonymous_14)
FN:133,(anonymous_16)
FN:151,(anonymous_18)
FN:165,(anonymous_20)
FN:182,(anonymous_22)
FNF:9
FNH:6
FNDA:22,(anonymous_8)
FNDA:22,(anonymous_9)
FNDA:1,(anonymous_10)
FNDA:23,(anonymous_12)
FNDA:5,(anonymous_14)
FNDA:5,(anonymous_16)
FNDA:0,(anonymous_18)
FNDA:0,(anonymous_20)
FNDA:0,(anonymous_22)
DA:1,1
DA:2,1
DA:3,1
DA:4,1
DA:26,1
DA:31,22
DA:40,22
DA:56,1
DA:58,1
DA:61,0
DA:63,0
DA:68,1
DA:69,1
DA:71,0
DA:79,23
DA:82,23
DA:83,0
DA:87,23
DA:89,23
DA:90,0
DA:94,23
DA:95,0
DA:99,23
DA:100,23
DA:101,1
DA:105,22
DA:107,22
DA:117,5
DA:118,5
DA:119,5
DA:121,0
DA:122,0
DA:123,0
DA:124,0
DA:126,0
DA:134,5
DA:135,5
DA:137,5
DA:138,0
DA:141,5
DA:142,0
DA:145,5
DA:152,0
DA:153,0
DA:155,0
DA:156,0
DA:159,0
DA:166,0
DA:168,0
DA:170,0
DA:176,0
DA:187,0
DA:189,0
DA:190,0
DA:193,0
DA:194,0
DA:195,0
DA:202,0
LF:58
LH:29
BRDA:68,0,0,1
BRDA:82,1,0,0
BRDA:82,2,0,23
BRDA:82,2,1,23
BRDA:89,3,0,0
BRDA:94,4,0,0
BRDA:100,5,0,1
BRDA:121,6,0,0
BRDA:121,6,1,0
BRDA:123,7,0,0
BRDA:137,8,0,0
BRDA:141,9,0,0
BRDA:155,10,0,0
BRDA:155,11,0,0
BRDA:155,11,1,0
BRDA:168,12,0,0
BRDA:189,13,0,0
BRDA:194,14,0,0
BRF:18
BRH:4
end_of_record
TN:
SF:src\services\ClientService.ts
FN:56,(anonymous_8)
FN:86,(anonymous_10)
FN:110,(anonymous_12)
FN:110,(anonymous_13)
FN:168,(anonymous_14)
FN:222,(anonymous_16)
FN:244,(anonymous_18)
FN:244,(anonymous_19)
FN:270,(anonymous_20)
FN:318,(anonymous_22)
FN:318,(anonymous_23)
FN:332,(anonymous_24)
FN:340,(anonymous_26)
FNF:13
FNH:2
FNDA:0,(anonymous_8)
FNDA:0,(anonymous_10)
FNDA:2,(anonymous_12)
FNDA:2,(anonymous_13)
FNDA:0,(anonymous_14)
FNDA:0,(anonymous_16)
FNDA:0,(anonymous_18)
FNDA:0,(anonymous_19)
FNDA:0,(anonymous_20)
FNDA:0,(anonymous_22)
FNDA:0,(anonymous_23)
FNDA:0,(anonymous_24)
FNDA:0,(anonymous_26)
DA:1,1
DA:2,1
DA:3,1
DA:52,1
DA:58,0
DA:59,0
DA:63,0
DA:68,0
DA:69,0
DA:72,0
DA:73,0
DA:74,0
DA:76,0
DA:77,0
DA:79,0
DA:87,0
DA:88,0
DA:91,0
DA:94,0
DA:95,0
DA:98,0
DA:100,0
DA:101,0
DA:104,0
DA:110,2
DA:117,2
DA:120,2
DA:122,2
DA:123,2
DA:124,0
DA:126,2
DA:129,2
DA:130,0
DA:133,2
DA:134,0
DA:143,2
DA:144,2
DA:145,2
DA:148,2
DA:154,2
DA:173,0
DA:174,0
DA:177,0
DA:180,0
DA:181,0
DA:185,0
DA:186,0
DA:187,0
DA:191,0
DA:192,0
DA:198,0
DA:199,0
DA:203,0
DA:204,0
DA:210,0
DA:212,0
DA:213,0
DA:215,0
DA:223,0
DA:224,0
DA:227,0
DA:230,0
DA:231,0
DA:234,0
DA:236,0
DA:237,0
DA:244,0
DA:245,0
DA:254,0
DA:255,0
DA:256,0
DA:258,0
DA:261,0
DA:271,0
DA:272,0
DA:275,0
DA:307,0
DA:318,0
DA:319,0
DA:320,0
DA:323,0
DA:333,0
DA:334,0
DA:337,0
DA:340,0
LF:85
LH:17
BRDA:58,0,0,0
BRDA:68,1,0,0
BRDA:76,2,0,0
BRDA:87,3,0,0
BRDA:94,4,0,0
BRDA:100,5,0,0
BRDA:110,6,0,0
BRDA:115,7,0,0
BRDA:116,8,0,0
BRDA:122,9,0,2
BRDA:123,10,0,0
BRDA:129,11,0,0
BRDA:133,12,0,0
BRDA:173,13,0,0
BRDA:180,14,0,0
BRDA:186,15,0,0
BRDA:191,16,0,0
BRDA:191,17,0,0
BRDA:191,17,1,0
BRDA:198,18,0,0
BRDA:212,19,0,0
BRDA:223,20,0,0
BRDA:230,21,0,0
BRDA:236,22,0,0
BRDA:244,23,0,0
BRDA:254,24,0,0
BRDA:255,25,0,0
BRDA:271,26,0,0
BRDA:307,27,0,0
BRDA:307,27,1,0
BRDA:318,28,0,0
BRDA:319,29,0,0
BRDA:333,30,0,0
BRDA:344,31,0,0
BRDA:344,31,1,0
BRDA:345,32,0,0
BRDA:345,32,1,0
BRDA:345,33,0,0
BRDA:345,33,1,0
BRDA:345,34,0,0
BRDA:345,34,1,0
BRDA:346,35,0,0
BRDA:346,35,1,0
BRDA:346,36,0,0
BRDA:346,36,1,0
BRDA:346,37,0,0
BRDA:346,37,1,0
BRDA:347,38,0,0
BRDA:347,38,1,0
BRDA:347,39,0,0
BRDA:347,39,1,0
BRDA:347,40,0,0
BRDA:347,40,1,0
BRDA:348,41,0,0
BRDA:348,41,1,0
BRDA:348,42,0,0
BRDA:348,42,1,0
BRDA:348,43,0,0
BRDA:348,43,1,0
BRDA:349,44,0,0
BRDA:349,44,1,0
BRF:61
BRH:1
end_of_record
TN:
SF:src\services\UserService.ts
FN:37,(anonymous_17)
FN:62,(anonymous_19)
FN:62,(anonymous_20)
FN:73,(anonymous_21)
FN:84,(anonymous_23)
FN:101,(anonymous_25)
FN:118,(anonymous_27)
FN:132,(anonymous_29)
FN:153,(anonymous_30)
FN:176,(anonymous_32)
FN:203,(anonymous_34)
FN:230,(anonymous_36)
FN:240,(anonymous_38)
FN:250,(anonymous_40)
FNF:14
FNH:4
FNDA:1,(anonymous_17)
FNDA:23,(anonymous_19)
FNDA:23,(anonymous_20)
FNDA:5,(anonymous_21)
FNDA:0,(anonymous_23)
FNDA:0,(anonymous_25)
FNDA:0,(anonymous_27)
FNDA:0,(anonymous_29)
FNDA:0,(anonymous_30)
FNDA:0,(anonymous_32)
FNDA:0,(anonymous_34)
FNDA:0,(anonymous_36)
FNDA:0,(anonymous_38)
FNDA:0,(anonymous_40)
DA:1,1
DA:2,1
DA:3,1
DA:4,1
DA:33,1
DA:39,1
DA:40,1
DA:41,1
DA:45,0
DA:46,0
DA:50,0
DA:51,0
DA:55,0
DA:56,0
DA:62,23
DA:63,23
DA:64,23
DA:65,23
DA:67,23
DA:74,5
DA:75,0
DA:78,5
DA:85,0
DA:91,0
DA:92,0
DA:95,0
DA:102,0
DA:108,0
DA:109,0
DA:112,0
DA:120,0
DA:121,0
DA:122,0
DA:126,0
DA:127,0
DA:128,0
DA:132,0
DA:133,0
DA:139,0
DA:140,0
DA:143,0
DA:144,0
DA:154,0
DA:155,0
DA:156,0
DA:160,0
DA:165,0
DA:181,0
DA:186,0
DA:187,0
DA:190,0
DA:191,0
DA:194,0
DA:208,0
DA:213,0
DA:214,0
DA:217,0
DA:218,0
DA:221,0
DA:231,0
DA:232,0
DA:233,0
DA:241,0
DA:242,0
DA:243,0
DA:251,0
DA:261,0
DA:262,0
DA:265,0
LF:69
LH:15
BRDA:40,0,0,1
BRDA:45,1,0,0
BRDA:45,2,0,0
BRDA:45,2,1,0
BRDA:50,3,0,0
BRDA:50,4,0,0
BRDA:50,4,1,0
BRDA:62,5,0,0
BRDA:64,6,0,23
BRDA:74,7,0,0
BRDA:91,8,0,0
BRDA:108,9,0,0
BRDA:121,10,0,0
BRDA:127,11,0,0
BRDA:132,12,0,0
BRDA:132,13,0,0
BRDA:132,13,1,0
BRDA:132,14,0,0
BRDA:132,14,1,0
BRDA:139,15,0,0
BRDA:139,15,1,0
BRDA:143,16,0,0
BRDA:155,17,0,0
BRDA:183,18,0,0
BRDA:183,18,1,0
BRDA:183,19,0,0
BRDA:183,19,1,0
BRDA:186,20,0,0
BRDA:186,21,0,0
BRDA:186,21,1,0
BRDA:186,22,0,0
BRDA:186,22,1,0
BRDA:186,23,0,0
BRDA:186,23,1,0
BRDA:190,24,0,0
BRDA:190,25,0,0
BRDA:190,25,1,0
BRDA:190,26,0,0
BRDA:190,26,1,0
BRDA:210,27,0,0
BRDA:210,27,1,0
BRDA:210,28,0,0
BRDA:210,28,1,0
BRDA:213,29,0,0
BRDA:213,30,0,0
BRDA:213,30,1,0
BRDA:213,31,0,0
BRDA:213,31,1,0
BRDA:217,32,0,0
BRDA:217,33,0,0
BRDA:217,33,1,0
BRDA:217,34,0,0
BRDA:217,34,1,0
BRDA:232,35,0,0
BRDA:242,36,0,0
BRDA:261,37,0,0
BRF:56
BRH:2
end_of_record
TN:
SF:src\utils\auditLogger.ts
FN:6,(anonymous_8)
FN:57,(anonymous_9)
FN:141,(anonymous_10)
FN:156,(anonymous_11)
FN:166,(anonymous_12)
FN:172,(anonymous_13)
FN:190,(anonymous_14)
FN:193,(anonymous_15)
FN:194,(anonymous_16)
FN:199,(anonymous_17)
FN:203,(anonymous_18)
FN:212,(anonymous_19)
FN:229,(anonymous_20)
FN:249,(anonymous_21)
FN:261,(anonymous_22)
FN:293,(anonymous_23)
FN:316,(anonymous_24)
FN:350,(anonymous_25)
FN:378,(anonymous_26)
FN:406,(anonymous_27)
FN:431,(anonymous_28)
FN:449,(anonymous_29)
FN:479,(anonymous_30)
FN:494,(anonymous_32)
FN:509,(anonymous_33)
FN:514,(anonymous_34)
FNF:26
FNH:13
FNDA:3,(anonymous_8)
FNDA:3,(anonymous_9)
FNDA:3,(anonymous_10)
FNDA:3,(anonymous_11)
FNDA:0,(anonymous_12)
FNDA:3,(anonymous_13)
FNDA:3,(anonymous_14)
FNDA:3,(anonymous_15)
FNDA:3,(anonymous_16)
FNDA:0,(anonymous_17)
FNDA:0,(anonymous_18)
FNDA:33,(anonymous_19)
FNDA:33,(anonymous_20)
FNDA:0,(anonymous_21)
FNDA:24,(anonymous_22)
FNDA:0,(anonymous_23)
FNDA:0,(anonymous_24)
FNDA:0,(anonymous_25)
FNDA:0,(anonymous_26)
FNDA:0,(anonymous_27)
FNDA:0,(anonymous_28)
FNDA:9,(anonymous_29)
FNDA:0,(anonymous_30)
FNDA:4,(anonymous_32)
FNDA:0,(anonymous_33)
FNDA:0,(anonymous_34)
DA:1,3
DA:2,3
DA:3,3
DA:6,3
DA:8,3
DA:9,3
DA:10,3
DA:11,3
DA:12,3
DA:15,3
DA:16,3
DA:17,3
DA:18,3
DA:19,3
DA:22,3
DA:23,3
DA:24,3
DA:25,3
DA:26,3
DA:29,3
DA:30,3
DA:31,3
DA:32,3
DA:33,3
DA:36,3
DA:37,3
DA:38,3
DA:39,3
DA:40,3
DA:43,3
DA:44,3
DA:45,3
DA:48,3
DA:49,3
DA:50,3
DA:51,3
DA:52,3
DA:53,3
DA:57,3
DA:58,3
DA:59,3
DA:60,3
DA:61,3
DA:137,3
DA:138,3
DA:139,3
DA:142,3
DA:153,3
DA:158,3
DA:159,0
DA:162,3
DA:165,3
DA:166,0
DA:167,0
DA:173,3
DA:174,3
DA:175,3
DA:177,3
DA:178,3
DA:179,0
DA:182,3
DA:183,3
DA:186,3
DA:191,3
DA:192,3
DA:193,3
DA:194,3
DA:199,0
DA:202,3
DA:203,0
DA:204,0
DA:208,0
DA:213,33
DA:226,33
DA:230,33
DA:233,33
DA:234,0
DA:235,0
DA:239,33
DA:240,33
DA:244,33
DA:250,0
DA:251,0
DA:252,0
DA:253,0
DA:254,0
DA:255,0
DA:276,24
DA:290,24
DA:301,0
DA:313,0
DA:331,0
DA:347,0
DA:358,0
DA:375,0
DA:387,0
DA:403,0
DA:413,0
DA:428,0
DA:437,0
DA:446,0
DA:458,9
DA:475,9
DA:490,0
DA:495,4
DA:496,0
DA:499,4
DA:500,4
DA:506,3
DA:509,3
DA:510,0
DA:511,0
DA:514,3
DA:515,0
DA:516,0
DA:519,3
LF:116
LH:82
BRDA:6,0,0,3
BRDA:6,0,1,3
BRDA:57,1,0,3
BRDA:57,1,1,3
BRDA:158,2,0,0
BRDA:165,3,0,0
BRDA:177,4,0,3
BRDA:178,5,0,0
BRDA:193,6,0,3
BRDA:193,6,1,3
BRDA:202,7,0,0
BRDA:219,8,0,33
BRDA:219,8,1,10
BRDA:220,9,0,33
BRDA:220,9,1,0
BRDA:222,10,0,33
BRDA:222,10,1,24
BRDA:233,11,0,0
BRDA:239,12,0,33
BRDA:239,13,0,33
BRDA:239,13,1,33
BRDA:244,14,0,0
BRDA:250,15,0,0
BRDA:250,15,1,0
BRDA:250,15,2,0
BRDA:250,15,3,0
BRDA:250,15,4,0
BRDA:282,16,0,22
BRDA:282,16,1,2
BRDA:392,17,0,0
BRDA:392,17,1,0
BRDA:463,18,0,0
BRDA:463,18,1,9
BRDA:495,19,0,0
BRDA:499,20,0,4
BRF:35
BRH:19
end_of_record
TN:
SF:src\validators\auth.validator.ts
FN:99,(anonymous_1)
FN:107,(anonymous_2)
FN:126,(anonymous_3)
FN:134,(anonymous_4)
FNF:4
FNH:3
FNDA:3,(anonymous_1)
FNDA:6,(anonymous_2)
FNDA:23,(anonymous_3)
FNDA:0,(anonymous_4)
DA:2,1
DA:3,1
DA:6,1
DA:79,1
DA:99,1
DA:100,3
DA:105,3
DA:107,6
DA:113,2
DA:117,2
DA:121,1
DA:122,1
DA:126,1
DA:127,23
DA:132,23
DA:134,0
DA:140,0
DA:144,0
DA:148,23
DA:149,23
LF:20
LH:17
BRDA:105,0,0,2
BRDA:132,1,0,0
BRF:2
BRH:1
end_of_record
TN:
SF:src\validators\client.validator.ts
FN:113,(anonymous_1)
FN:121,(anonymous_2)
FN:140,(anonymous_3)
FN:148,(anonymous_4)
FNF:4
FNH:4
FNDA:1,(anonymous_1)
FNDA:1,(anonymous_2)
FNDA:1,(anonymous_3)
FNDA:1,(anonymous_4)
DA:2,1
DA:5,1
DA:62,1
DA:113,1
DA:114,1
DA:119,1
DA:121,1
DA:127,1
DA:131,1
DA:135,0
DA:136,0
DA:140,1
DA:141,1
DA:146,1
DA:148,1
DA:154,1
DA:158,1
DA:162,0
DA:163,0
LF:19
LH:15
BRDA:119,0,0,1
BRDA:146,1,0,1
BRF:2
BRH:2
end_of_record
TN:
SF:src\validators\profile.validator.ts
FN:109,(anonymous_1)
FN:118,(anonymous_2)
FN:137,(anonymous_3)
FN:145,(anonymous_4)
FNF:4
FNH:0
FNDA:0,(anonymous_1)
FNDA:0,(anonymous_2)
FNDA:0,(anonymous_3)
FNDA:0,(anonymous_4)
DA:2,1
DA:4,1
DA:7,1
DA:90,1
DA:109,1
DA:110,0
DA:116,0
DA:118,0
DA:124,0
DA:128,0
DA:132,0
DA:133,0
DA:137,1
DA:138,0
DA:143,0
DA:145,0
DA:151,0
DA:155,0
DA:159,0
DA:160,0
LF:20
LH:6
BRDA:113,0,0,0
BRDA:113,0,1,0
BRDA:113,1,0,0
BRDA:113,1,1,0
BRDA:116,2,0,0
BRDA:143,3,0,0
BRF:6
BRH:0
end_of_record
TN:
SF:src\validators\provider.validator.ts
FN:143,(anonymous_1)
FN:151,(anonymous_2)
FN:170,(anonymous_3)
FN:178,(anonymous_4)
FNF:4
FNH:0
FNDA:0,(anonymous_1)
FNDA:0,(anonymous_2)
FNDA:0,(anonymous_3)
FNDA:0,(anonymous_4)
DA:3,0
DA:5,0
DA:8,0
DA:87,0
DA:143,0
DA:144,0
DA:149,0
DA:151,0
DA:157,0
DA:161,0
DA:165,0
DA:166,0
DA:170,0
DA:171,0
DA:176,0
DA:178,0
DA:184,0
DA:188,0
DA:192,0
DA:193,0
LF:20
LH:0
BRDA:149,0,0,0
BRDA:176,1,0,0
BRF:2
BRH:0
end_of_record
